[2021-03-18 12:45:57.870] [main] INFO  o.s.web.context.ContextLoader - Root WebApplicationContext: initialization started
[2021-03-18 12:45:57.949] [main] DEBUG o.s.w.c.s.XmlWebApplicationContext - Refreshing Root WebApplicationContext
[2021-03-18 12:45:58.189] [main] DEBUG o.s.b.f.xml.XmlBeanDefinitionReader - Loaded 12 bean definitions from ServletContext resource [/WEB-INF/config/spring/root-context.xml]
[2021-03-18 12:45:58.260] [main] DEBUG o.s.b.f.s.DefaultListableBeanFactory - Creating shared instance of singleton bean 'org.mybatis.spring.mapper.MapperScannerConfigurer#0'
[2021-03-18 12:45:58.340] [main] DEBUG org.apache.ibatis.logging.LogFactory - Logging initialized using 'class org.apache.ibatis.logging.slf4j.Slf4jImpl' adapter.
[2021-03-18 12:45:58.440] [main] DEBUG o.s.b.f.s.DefaultListableBeanFactory - Creating shared instance of singleton bean 'org.springframework.context.annotation.internalConfigurationAnnotationProcessor'
[2021-03-18 12:45:58.468] [main] DEBUG o.s.b.f.s.DefaultListableBeanFactory - Creating shared instance of singleton bean 'org.springframework.context.event.internalEventListenerProcessor'
[2021-03-18 12:45:58.471] [main] DEBUG o.s.b.f.s.DefaultListableBeanFactory - Creating shared instance of singleton bean 'org.springframework.transaction.config.internalTransactionalEventListenerFactory'
[2021-03-18 12:45:58.471] [main] DEBUG o.s.b.f.s.DefaultListableBeanFactory - Creating shared instance of singleton bean 'org.springframework.context.event.internalEventListenerFactory'
[2021-03-18 12:45:58.474] [main] DEBUG o.s.b.f.s.DefaultListableBeanFactory - Creating shared instance of singleton bean 'org.springframework.context.annotation.internalAutowiredAnnotationProcessor'
[2021-03-18 12:45:58.476] [main] DEBUG o.s.b.f.s.DefaultListableBeanFactory - Creating shared instance of singleton bean 'org.springframework.context.annotation.internalCommonAnnotationProcessor'
[2021-03-18 12:45:58.481] [main] DEBUG o.s.b.f.s.DefaultListableBeanFactory - Creating shared instance of singleton bean 'org.springframework.aop.config.internalAutoProxyCreator'
[2021-03-18 12:45:58.524] [main] DEBUG o.s.u.c.s.UiApplicationContextUtils - Unable to locate ThemeSource with name 'themeSource': using default [org.springframework.ui.context.support.ResourceBundleThemeSource@18bf1bad]
[2021-03-18 12:45:58.526] [main] DEBUG o.s.b.f.s.DefaultListableBeanFactory - Creating shared instance of singleton bean 'env'
[2021-03-18 12:45:58.546] [main] DEBUG o.s.b.f.s.DefaultListableBeanFactory - Creating shared instance of singleton bean 'org.springframework.transaction.config.internalTransactionAdvisor'
[2021-03-18 12:45:58.549] [main] DEBUG o.s.b.f.s.DefaultListableBeanFactory - Creating shared instance of singleton bean 'org.springframework.transaction.annotation.AnnotationTransactionAttributeSource#0'
[2021-03-18 12:45:58.575] [main] DEBUG o.s.b.f.s.DefaultListableBeanFactory - Creating shared instance of singleton bean 'hikariConfig'
[2021-03-18 12:45:58.709] [main] DEBUG o.s.b.f.s.DefaultListableBeanFactory - Creating shared instance of singleton bean 'dataSource'
[2021-03-18 12:45:58.732] [main] WARN  c.z.hikari.util.DriverDataSource - Registered driver with driverClassName=oracle.jdbc.driver.OracleDriver was not found, trying direct instantiation.
[2021-03-18 12:45:59.389] [main] DEBUG o.s.b.f.s.DefaultListableBeanFactory - Creating shared instance of singleton bean 'sqlSessionFactory'
[2021-03-18 12:45:59.715] [main] DEBUG o.s.b.f.s.DefaultListableBeanFactory - Creating shared instance of singleton bean 'sqlSessionTemplate'
[2021-03-18 12:45:59.729] [main] DEBUG o.s.b.f.s.DefaultListableBeanFactory - Creating shared instance of singleton bean 'transactionManager'
[2021-03-18 12:45:59.748] [main] DEBUG o.s.b.f.s.DefaultListableBeanFactory - Creating shared instance of singleton bean 'org.springframework.transaction.interceptor.TransactionInterceptor#0'
[2021-03-18 12:45:59.766] [main] DEBUG o.s.b.f.s.DefaultListableBeanFactory - Creating shared instance of singleton bean 'adminDao'
[2021-03-18 12:45:59.777] [main] DEBUG o.s.b.f.s.DefaultListableBeanFactory - Creating shared instance of singleton bean 'hiBoardDao'
[2021-03-18 12:45:59.778] [main] DEBUG o.s.b.f.s.DefaultListableBeanFactory - Creating shared instance of singleton bean 'memberDAO'
[2021-03-18 12:45:59.779] [main] DEBUG o.s.b.f.s.DefaultListableBeanFactory - Creating shared instance of singleton bean 'planDateDao'
[2021-03-18 12:45:59.780] [main] DEBUG o.s.b.f.s.DefaultListableBeanFactory - Creating shared instance of singleton bean 'planMakeDao'
[2021-03-18 12:45:59.781] [main] DEBUG o.s.b.f.s.DefaultListableBeanFactory - Creating shared instance of singleton bean 'qnaDao'
[2021-03-18 12:45:59.782] [main] DEBUG o.s.b.f.s.DefaultListableBeanFactory - Creating shared instance of singleton bean 'TravelDao'
[2021-03-18 12:45:59.783] [main] DEBUG o.s.b.f.s.DefaultListableBeanFactory - Creating shared instance of singleton bean 'userDao'
[2021-03-18 12:45:59.784] [main] DEBUG o.s.b.f.s.DefaultListableBeanFactory - Creating shared instance of singleton bean 'userDao2'
[2021-03-18 12:45:59.802] [main] DEBUG o.springframework.jndi.JndiTemplate - Looking up JNDI object with name [java:comp/env/spring.liveBeansView.mbeanDomain]
[2021-03-18 12:45:59.803] [main] DEBUG o.s.jndi.JndiLocatorDelegate - Converted JNDI name [java:comp/env/spring.liveBeansView.mbeanDomain] not found - trying original name [spring.liveBeansView.mbeanDomain]. javax.naming.NameNotFoundException: Name [spring.liveBeansView.mbeanDomain]은(는) 이 컨텍스트에 바인딩되지 않았습니다. [spring.liveBeansView.mbeanDomain]을(를) 찾을 수 없습니다.
[2021-03-18 12:45:59.804] [main] DEBUG o.springframework.jndi.JndiTemplate - Looking up JNDI object with name [spring.liveBeansView.mbeanDomain]
[2021-03-18 12:45:59.804] [main] DEBUG o.s.jndi.JndiPropertySource - JNDI lookup for name [spring.liveBeansView.mbeanDomain] threw NamingException with message: Name [spring.liveBeansView.mbeanDomain]은(는) 이 컨텍스트에 바인딩되지 않았습니다. [spring.liveBeansView.mbeanDomain]을(를) 찾을 수 없습니다.. Returning null.
[2021-03-18 12:45:59.806] [main] INFO  o.s.web.context.ContextLoader - Root WebApplicationContext initialized in 1928 ms
[2021-03-18 12:45:59.841] [main] DEBUG o.s.w.filter.CharacterEncodingFilter - Filter 'encodingFilter' configured for use
[2021-03-18 12:45:59.868] [main] INFO  o.s.web.servlet.DispatcherServlet - Initializing Servlet 'dispatcherServlet'
[2021-03-18 12:45:59.869] [main] DEBUG o.springframework.jndi.JndiTemplate - Looking up JNDI object with name [java:comp/env/spring.profiles.active]
[2021-03-18 12:45:59.869] [main] DEBUG o.s.jndi.JndiLocatorDelegate - Converted JNDI name [java:comp/env/spring.profiles.active] not found - trying original name [spring.profiles.active]. javax.naming.NameNotFoundException: Name [spring.profiles.active]은(는) 이 컨텍스트에 바인딩되지 않았습니다. [spring.profiles.active]을(를) 찾을 수 없습니다.
[2021-03-18 12:45:59.869] [main] DEBUG o.springframework.jndi.JndiTemplate - Looking up JNDI object with name [spring.profiles.active]
[2021-03-18 12:45:59.869] [main] DEBUG o.s.jndi.JndiPropertySource - JNDI lookup for name [spring.profiles.active] threw NamingException with message: Name [spring.profiles.active]은(는) 이 컨텍스트에 바인딩되지 않았습니다. [spring.profiles.active]을(를) 찾을 수 없습니다.. Returning null.
[2021-03-18 12:45:59.869] [main] DEBUG o.springframework.jndi.JndiTemplate - Looking up JNDI object with name [java:comp/env/spring.profiles.default]
[2021-03-18 12:45:59.870] [main] DEBUG o.s.jndi.JndiLocatorDelegate - Converted JNDI name [java:comp/env/spring.profiles.default] not found - trying original name [spring.profiles.default]. javax.naming.NameNotFoundException: Name [spring.profiles.default]은(는) 이 컨텍스트에 바인딩되지 않았습니다. [spring.profiles.default]을(를) 찾을 수 없습니다.
[2021-03-18 12:45:59.870] [main] DEBUG o.springframework.jndi.JndiTemplate - Looking up JNDI object with name [spring.profiles.default]
[2021-03-18 12:45:59.870] [main] DEBUG o.s.jndi.JndiPropertySource - JNDI lookup for name [spring.profiles.default] threw NamingException with message: Name [spring.profiles.default]은(는) 이 컨텍스트에 바인딩되지 않았습니다. [spring.profiles.default]을(를) 찾을 수 없습니다.. Returning null.
[2021-03-18 12:45:59.873] [main] DEBUG o.s.w.c.s.XmlWebApplicationContext - Refreshing WebApplicationContext for namespace 'dispatcherServlet-servlet'
[2021-03-18 12:45:59.974] [main] DEBUG o.s.c.a.ClassPathBeanDefinitionScanner - Identified candidate component class: file [/Users/ahneunhee/project/webapps/.metadata/.plugins/org.eclipse.wst.server.core/tmp2/wtpwebapps/hiboard/WEB-INF/classes/com/icia/web/service/AdminService.class]
[2021-03-18 12:45:59.975] [main] DEBUG o.s.c.a.ClassPathBeanDefinitionScanner - Identified candidate component class: file [/Users/ahneunhee/project/webapps/.metadata/.plugins/org.eclipse.wst.server.core/tmp2/wtpwebapps/hiboard/WEB-INF/classes/com/icia/web/service/HiBoardService.class]
[2021-03-18 12:45:59.976] [main] DEBUG o.s.c.a.ClassPathBeanDefinitionScanner - Identified candidate component class: file [/Users/ahneunhee/project/webapps/.metadata/.plugins/org.eclipse.wst.server.core/tmp2/wtpwebapps/hiboard/WEB-INF/classes/com/icia/web/service/MemberServiceImpl.class]
[2021-03-18 12:45:59.976] [main] DEBUG o.s.c.a.ClassPathBeanDefinitionScanner - Identified candidate component class: file [/Users/ahneunhee/project/webapps/.metadata/.plugins/org.eclipse.wst.server.core/tmp2/wtpwebapps/hiboard/WEB-INF/classes/com/icia/web/service/PlanDateService.class]
[2021-03-18 12:45:59.976] [main] DEBUG o.s.c.a.ClassPathBeanDefinitionScanner - Identified candidate component class: file [/Users/ahneunhee/project/webapps/.metadata/.plugins/org.eclipse.wst.server.core/tmp2/wtpwebapps/hiboard/WEB-INF/classes/com/icia/web/service/PlanMakeService.class]
[2021-03-18 12:45:59.977] [main] DEBUG o.s.c.a.ClassPathBeanDefinitionScanner - Identified candidate component class: file [/Users/ahneunhee/project/webapps/.metadata/.plugins/org.eclipse.wst.server.core/tmp2/wtpwebapps/hiboard/WEB-INF/classes/com/icia/web/service/QnaService.class]
[2021-03-18 12:45:59.977] [main] DEBUG o.s.c.a.ClassPathBeanDefinitionScanner - Identified candidate component class: file [/Users/ahneunhee/project/webapps/.metadata/.plugins/org.eclipse.wst.server.core/tmp2/wtpwebapps/hiboard/WEB-INF/classes/com/icia/web/service/TravelService.class]
[2021-03-18 12:45:59.977] [main] DEBUG o.s.c.a.ClassPathBeanDefinitionScanner - Identified candidate component class: file [/Users/ahneunhee/project/webapps/.metadata/.plugins/org.eclipse.wst.server.core/tmp2/wtpwebapps/hiboard/WEB-INF/classes/com/icia/web/service/UserService.class]
[2021-03-18 12:45:59.977] [main] DEBUG o.s.c.a.ClassPathBeanDefinitionScanner - Identified candidate component class: file [/Users/ahneunhee/project/webapps/.metadata/.plugins/org.eclipse.wst.server.core/tmp2/wtpwebapps/hiboard/WEB-INF/classes/com/icia/web/service/UserService2.class]
[2021-03-18 12:45:59.988] [main] DEBUG o.s.c.a.ClassPathBeanDefinitionScanner - Identified candidate component class: file [/Users/ahneunhee/project/webapps/.metadata/.plugins/org.eclipse.wst.server.core/tmp2/wtpwebapps/hiboard/WEB-INF/classes/com/icia/web/controller/AdminController.class]
[2021-03-18 12:45:59.989] [main] DEBUG o.s.c.a.ClassPathBeanDefinitionScanner - Identified candidate component class: file [/Users/ahneunhee/project/webapps/.metadata/.plugins/org.eclipse.wst.server.core/tmp2/wtpwebapps/hiboard/WEB-INF/classes/com/icia/web/controller/HiBoardController.class]
[2021-03-18 12:45:59.990] [main] DEBUG o.s.c.a.ClassPathBeanDefinitionScanner - Identified candidate component class: file [/Users/ahneunhee/project/webapps/.metadata/.plugins/org.eclipse.wst.server.core/tmp2/wtpwebapps/hiboard/WEB-INF/classes/com/icia/web/controller/IndexController.class]
[2021-03-18 12:45:59.990] [main] DEBUG o.s.c.a.ClassPathBeanDefinitionScanner - Identified candidate component class: file [/Users/ahneunhee/project/webapps/.metadata/.plugins/org.eclipse.wst.server.core/tmp2/wtpwebapps/hiboard/WEB-INF/classes/com/icia/web/controller/MemberController.class]
[2021-03-18 12:45:59.991] [main] DEBUG o.s.c.a.ClassPathBeanDefinitionScanner - Identified candidate component class: file [/Users/ahneunhee/project/webapps/.metadata/.plugins/org.eclipse.wst.server.core/tmp2/wtpwebapps/hiboard/WEB-INF/classes/com/icia/web/controller/PlanDateController.class]
[2021-03-18 12:45:59.991] [main] DEBUG o.s.c.a.ClassPathBeanDefinitionScanner - Identified candidate component class: file [/Users/ahneunhee/project/webapps/.metadata/.plugins/org.eclipse.wst.server.core/tmp2/wtpwebapps/hiboard/WEB-INF/classes/com/icia/web/controller/PlanMakeController.class]
[2021-03-18 12:45:59.992] [main] DEBUG o.s.c.a.ClassPathBeanDefinitionScanner - Identified candidate component class: file [/Users/ahneunhee/project/webapps/.metadata/.plugins/org.eclipse.wst.server.core/tmp2/wtpwebapps/hiboard/WEB-INF/classes/com/icia/web/controller/QnaController.class]
[2021-03-18 12:45:59.992] [main] DEBUG o.s.c.a.ClassPathBeanDefinitionScanner - Identified candidate component class: file [/Users/ahneunhee/project/webapps/.metadata/.plugins/org.eclipse.wst.server.core/tmp2/wtpwebapps/hiboard/WEB-INF/classes/com/icia/web/controller/TestController.class]
[2021-03-18 12:45:59.993] [main] DEBUG o.s.c.a.ClassPathBeanDefinitionScanner - Identified candidate component class: file [/Users/ahneunhee/project/webapps/.metadata/.plugins/org.eclipse.wst.server.core/tmp2/wtpwebapps/hiboard/WEB-INF/classes/com/icia/web/controller/TravelController.class]
[2021-03-18 12:45:59.994] [main] DEBUG o.s.c.a.ClassPathBeanDefinitionScanner - Identified candidate component class: file [/Users/ahneunhee/project/webapps/.metadata/.plugins/org.eclipse.wst.server.core/tmp2/wtpwebapps/hiboard/WEB-INF/classes/com/icia/web/controller/UserController.class]
[2021-03-18 12:45:59.994] [main] DEBUG o.s.c.a.ClassPathBeanDefinitionScanner - Identified candidate component class: file [/Users/ahneunhee/project/webapps/.metadata/.plugins/org.eclipse.wst.server.core/tmp2/wtpwebapps/hiboard/WEB-INF/classes/com/icia/web/controller/UserController2.class]
[2021-03-18 12:45:59.996] [main] DEBUG o.s.b.f.s.DefaultListableBeanFactory - Overriding bean definition for bean 'org.springframework.web.servlet.mvc.method.annotation.RequestMappingHandlerMapping' with a different definition: replacing [Root bean: class [org.springframework.web.servlet.mvc.method.annotation.RequestMappingHandlerMapping]; scope=; abstract=false; lazyInit=null; autowireMode=0; dependencyCheck=0; autowireCandidate=true; primary=false; factoryBeanName=null; factoryMethodName=null; initMethodName=null; destroyMethodName=null] with [Root bean: class [org.springframework.web.servlet.mvc.method.annotation.RequestMappingHandlerMapping]; scope=; abstract=false; lazyInit=null; autowireMode=0; dependencyCheck=0; autowireCandidate=true; primary=false; factoryBeanName=null; factoryMethodName=null; initMethodName=null; destroyMethodName=null]
[2021-03-18 12:45:59.996] [main] DEBUG o.s.b.f.s.DefaultListableBeanFactory - Overriding bean definition for bean 'org.springframework.web.servlet.mvc.method.annotation.RequestMappingHandlerAdapter' with a different definition: replacing [Root bean: class [org.springframework.web.servlet.mvc.method.annotation.RequestMappingHandlerAdapter]; scope=; abstract=false; lazyInit=null; autowireMode=0; dependencyCheck=0; autowireCandidate=true; primary=false; factoryBeanName=null; factoryMethodName=null; initMethodName=null; destroyMethodName=null] with [Root bean: class [org.springframework.web.servlet.mvc.method.annotation.RequestMappingHandlerAdapter]; scope=; abstract=false; lazyInit=null; autowireMode=0; dependencyCheck=0; autowireCandidate=true; primary=false; factoryBeanName=null; factoryMethodName=null; initMethodName=null; destroyMethodName=null]
[2021-03-18 12:45:59.997] [main] DEBUG o.s.b.f.s.DefaultListableBeanFactory - Overriding bean definition for bean 'mvcUriComponentsContributor' with a different definition: replacing [Root bean: class [org.springframework.web.servlet.config.AnnotationDrivenBeanDefinitionParser$CompositeUriComponentsContributorFactoryBean]; scope=; abstract=false; lazyInit=null; autowireMode=0; dependencyCheck=0; autowireCandidate=true; primary=false; factoryBeanName=null; factoryMethodName=null; initMethodName=null; destroyMethodName=null] with [Root bean: class [org.springframework.web.servlet.config.AnnotationDrivenBeanDefinitionParser$CompositeUriComponentsContributorFactoryBean]; scope=; abstract=false; lazyInit=null; autowireMode=0; dependencyCheck=0; autowireCandidate=true; primary=false; factoryBeanName=null; factoryMethodName=null; initMethodName=null; destroyMethodName=null]
[2021-03-18 12:46:00.003] [main] DEBUG o.s.b.f.xml.XmlBeanDefinitionReader - Loaded 57 bean definitions from ServletContext resource [/WEB-INF/config/spring/servlet-context.xml]
[2021-03-18 12:46:00.024] [main] DEBUG o.s.b.f.s.DefaultListableBeanFactory - Creating shared instance of singleton bean 'org.springframework.context.annotation.internalConfigurationAnnotationProcessor'
[2021-03-18 12:46:00.130] [main] DEBUG o.s.b.f.s.DefaultListableBeanFactory - Creating shared instance of singleton bean 'org.springframework.context.event.internalEventListenerProcessor'
[2021-03-18 12:46:00.130] [main] DEBUG o.s.b.f.s.DefaultListableBeanFactory - Creating shared instance of singleton bean 'org.springframework.context.event.internalEventListenerFactory'
[2021-03-18 12:46:00.131] [main] DEBUG o.s.b.f.s.DefaultListableBeanFactory - Creating shared instance of singleton bean 'org.springframework.context.annotation.internalAutowiredAnnotationProcessor'
[2021-03-18 12:46:00.131] [main] DEBUG o.s.b.f.s.DefaultListableBeanFactory - Creating shared instance of singleton bean 'org.springframework.context.annotation.internalCommonAnnotationProcessor'
[2021-03-18 12:46:00.132] [main] DEBUG o.s.u.c.s.UiApplicationContextUtils - Unable to locate ThemeSource with name 'themeSource': using default [org.springframework.ui.context.support.DelegatingThemeSource@1e2bc241]
[2021-03-18 12:46:00.133] [main] DEBUG o.s.b.f.s.DefaultListableBeanFactory - Creating shared instance of singleton bean 'mvcContentNegotiationManager'
[2021-03-18 12:46:00.143] [main] DEBUG o.s.b.f.s.DefaultListableBeanFactory - Creating shared instance of singleton bean 'org.springframework.web.servlet.mvc.method.annotation.RequestMappingHandlerMapping'
[2021-03-18 12:46:00.171] [main] DEBUG o.s.b.f.s.DefaultListableBeanFactory - Creating shared instance of singleton bean 'mvcCorsConfigurations'
[2021-03-18 12:46:00.172] [main] DEBUG o.s.b.f.s.DefaultListableBeanFactory - Creating shared instance of singleton bean 'org.springframework.web.servlet.handler.MappedInterceptor#0'
[2021-03-18 12:46:00.173] [main] DEBUG o.s.b.f.s.DefaultListableBeanFactory - Creating shared instance of singleton bean 'org.springframework.format.support.FormattingConversionServiceFactoryBean#0'
[2021-03-18 12:46:00.227] [main] DEBUG o.s.b.f.s.DefaultListableBeanFactory - Creating shared instance of singleton bean 'org.springframework.web.servlet.handler.MappedInterceptor#1'
[2021-03-18 12:46:00.228] [main] DEBUG o.s.b.f.s.DefaultListableBeanFactory - Creating shared instance of singleton bean 'org.springframework.format.support.FormattingConversionServiceFactoryBean#1'
[2021-03-18 12:46:00.230] [main] DEBUG o.s.b.f.s.DefaultListableBeanFactory - Creating shared instance of singleton bean 'org.springframework.web.servlet.handler.MappedInterceptor#2'
[2021-03-18 12:46:00.233] [main] DEBUG o.s.b.f.s.DefaultListableBeanFactory - Creating shared instance of singleton bean 'org.springframework.web.servlet.handler.MappedInterceptor#3'
[2021-03-18 12:46:00.241] [main] DEBUG o.s.b.f.s.DefaultListableBeanFactory - Creating shared instance of singleton bean 'org.springframework.web.servlet.handler.MappedInterceptor#4'
[2021-03-18 12:46:00.243] [main] DEBUG c.i.web.interceptor.AuthInterceptor - ############################################################################
[2021-03-18 12:46:00.243] [main] DEBUG c.i.web.interceptor.AuthInterceptor - # AuthInterceptor                                                          #
[2021-03-18 12:46:00.244] [main] DEBUG c.i.web.interceptor.AuthInterceptor - ############################################################################
[2021-03-18 12:46:00.244] [main] DEBUG c.i.web.interceptor.AuthInterceptor - //////////////////////////////////////////////////
[2021-03-18 12:46:00.244] [main] DEBUG c.i.web.interceptor.AuthInterceptor - // Auth Cookie Name                             //
[2021-03-18 12:46:00.244] [main] DEBUG c.i.web.interceptor.AuthInterceptor - //////////////////////////////////////////////////
[2021-03-18 12:46:00.244] [main] DEBUG c.i.web.interceptor.AuthInterceptor - // USER_ID
[2021-03-18 12:46:00.244] [main] DEBUG c.i.web.interceptor.AuthInterceptor - //////////////////////////////////////////////////
[2021-03-18 12:46:00.244] [main] DEBUG c.i.web.interceptor.AuthInterceptor - //////////////////////////////////////////////////
[2021-03-18 12:46:00.244] [main] DEBUG c.i.web.interceptor.AuthInterceptor - // Ajax Header Name                             //
[2021-03-18 12:46:00.244] [main] DEBUG c.i.web.interceptor.AuthInterceptor - //////////////////////////////////////////////////
[2021-03-18 12:46:00.244] [main] DEBUG c.i.web.interceptor.AuthInterceptor - // AJAX
[2021-03-18 12:46:00.244] [main] DEBUG c.i.web.interceptor.AuthInterceptor - //////////////////////////////////////////////////
[2021-03-18 12:46:00.244] [main] DEBUG c.i.web.interceptor.AuthInterceptor - //////////////////////////////////////////////////
[2021-03-18 12:46:00.244] [main] DEBUG c.i.web.interceptor.AuthInterceptor - // Auth Exclude Url                             //
[2021-03-18 12:46:00.244] [main] DEBUG c.i.web.interceptor.AuthInterceptor - //////////////////////////////////////////////////
[2021-03-18 12:46:00.245] [main] DEBUG c.i.web.interceptor.AuthInterceptor - // /index
[2021-03-18 12:46:00.245] [main] DEBUG c.i.web.interceptor.AuthInterceptor - // /mainHome
[2021-03-18 12:46:00.245] [main] DEBUG c.i.web.interceptor.AuthInterceptor - // /member/email
[2021-03-18 12:46:00.245] [main] DEBUG c.i.web.interceptor.AuthInterceptor - // /member/join_injeung
[2021-03-18 12:46:00.245] [main] DEBUG c.i.web.interceptor.AuthInterceptor - // /member/auth.do
[2021-03-18 12:46:00.245] [main] DEBUG c.i.web.interceptor.AuthInterceptor - // /board/list
[2021-03-18 12:46:00.245] [main] DEBUG c.i.web.interceptor.AuthInterceptor - // /board/customerList
[2021-03-18 12:46:00.245] [main] DEBUG c.i.web.interceptor.AuthInterceptor - // /board/view
[2021-03-18 12:46:00.245] [main] DEBUG c.i.web.interceptor.AuthInterceptor - // /user/login2
[2021-03-18 12:46:00.245] [main] DEBUG c.i.web.interceptor.AuthInterceptor - // /user/loginOut2
[2021-03-18 12:46:00.245] [main] DEBUG c.i.web.interceptor.AuthInterceptor - // /user/regForm2
[2021-03-18 12:46:00.245] [main] DEBUG c.i.web.interceptor.AuthInterceptor - // /user/regProc2
[2021-03-18 12:46:00.245] [main] DEBUG c.i.web.interceptor.AuthInterceptor - // /user/idCheck2
[2021-03-18 12:46:00.245] [main] DEBUG c.i.web.interceptor.AuthInterceptor - // /admin/login2
[2021-03-18 12:46:00.246] [main] DEBUG c.i.web.interceptor.AuthInterceptor - // /admin/logOut2
[2021-03-18 12:46:00.246] [main] DEBUG c.i.web.interceptor.AuthInterceptor - // /admin/index
[2021-03-18 12:46:00.246] [main] DEBUG c.i.web.interceptor.AuthInterceptor - // /admin/adminHome
[2021-03-18 12:46:00.246] [main] DEBUG c.i.web.interceptor.AuthInterceptor - // /travel/design/jeju
[2021-03-18 12:46:00.246] [main] DEBUG c.i.web.interceptor.AuthInterceptor - // /travel/design/busan
[2021-03-18 12:46:00.246] [main] DEBUG c.i.web.interceptor.AuthInterceptor - // /travel/design/incheon
[2021-03-18 12:46:00.246] [main] DEBUG c.i.web.interceptor.AuthInterceptor - // /travel/design/seoul
[2021-03-18 12:46:00.246] [main] DEBUG c.i.web.interceptor.AuthInterceptor - // /travel/design/gyeongju
[2021-03-18 12:46:00.246] [main] DEBUG c.i.web.interceptor.AuthInterceptor - // /travel/design/gapyeong
[2021-03-18 12:46:00.246] [main] DEBUG c.i.web.interceptor.AuthInterceptor - // /travel/design/banner1
[2021-03-18 12:46:00.246] [main] DEBUG c.i.web.interceptor.AuthInterceptor - // /travel/design/banner2
[2021-03-18 12:46:00.246] [main] DEBUG c.i.web.interceptor.AuthInterceptor - // /travel/design/useMethod
[2021-03-18 12:46:00.246] [main] DEBUG c.i.web.interceptor.AuthInterceptor - //////////////////////////////////////////////////
[2021-03-18 12:46:00.246] [main] DEBUG c.i.web.interceptor.AuthInterceptor - ############################################################################
[2021-03-18 12:46:00.253] [main] DEBUG o.s.b.f.s.DefaultListableBeanFactory - Creating shared instance of singleton bean 'userService2'
[2021-03-18 12:46:00.258] [main] DEBUG o.s.b.f.s.DefaultListableBeanFactory - Creating shared instance of singleton bean 'adminService'
[2021-03-18 12:46:00.303] [main] DEBUG o.s.w.s.m.m.a.RequestMappingHandlerMapping - 75 mappings in 'org.springframework.web.servlet.mvc.method.annotation.RequestMappingHandlerMapping'
[2021-03-18 12:46:00.303] [main] DEBUG o.s.b.f.s.DefaultListableBeanFactory - Creating shared instance of singleton bean 'org.springframework.web.servlet.mvc.method.annotation.RequestMappingHandlerAdapter'
[2021-03-18 12:46:00.416] [main] DEBUG o.s.w.s.m.m.a.RequestMappingHandlerAdapter - ControllerAdvice beans: none
[2021-03-18 12:46:00.458] [main] DEBUG o.s.b.f.s.DefaultListableBeanFactory - Creating shared instance of singleton bean 'mvcUriComponentsContributor'
[2021-03-18 12:46:00.464] [main] DEBUG o.s.w.s.m.m.a.RequestMappingHandlerAdapter - ControllerAdvice beans: none
[2021-03-18 12:46:00.467] [main] DEBUG o.s.b.f.s.DefaultListableBeanFactory - Creating shared instance of singleton bean 'org.springframework.web.servlet.mvc.method.annotation.ExceptionHandlerExceptionResolver#0'
[2021-03-18 12:46:00.479] [main] DEBUG o.s.w.s.m.m.a.ExceptionHandlerExceptionResolver - ControllerAdvice beans: none
[2021-03-18 12:46:00.480] [main] DEBUG o.s.b.f.s.DefaultListableBeanFactory - Creating shared instance of singleton bean 'org.springframework.web.servlet.mvc.annotation.ResponseStatusExceptionResolver#0'
[2021-03-18 12:46:00.484] [main] DEBUG o.s.b.f.s.DefaultListableBeanFactory - Creating shared instance of singleton bean 'org.springframework.web.servlet.mvc.support.DefaultHandlerExceptionResolver#0'
[2021-03-18 12:46:00.486] [main] DEBUG o.s.b.f.s.DefaultListableBeanFactory - Creating shared instance of singleton bean 'org.springframework.web.servlet.handler.BeanNameUrlHandlerMapping'
[2021-03-18 12:46:00.493] [main] DEBUG o.s.b.f.s.DefaultListableBeanFactory - Creating shared instance of singleton bean 'org.springframework.web.servlet.mvc.HttpRequestHandlerAdapter'
[2021-03-18 12:46:00.493] [main] DEBUG o.s.b.f.s.DefaultListableBeanFactory - Creating shared instance of singleton bean 'org.springframework.web.servlet.mvc.SimpleControllerHandlerAdapter'
[2021-03-18 12:46:00.494] [main] DEBUG o.s.b.f.s.DefaultListableBeanFactory - Creating shared instance of singleton bean 'hiBoardService'
[2021-03-18 12:46:00.497] [main] DEBUG o.s.b.f.s.DefaultListableBeanFactory - Creating shared instance of singleton bean 'memberServiceImpl'
[2021-03-18 12:46:00.500] [main] DEBUG o.s.b.f.s.DefaultListableBeanFactory - Creating shared instance of singleton bean 'planDateService'
[2021-03-18 12:46:00.501] [main] DEBUG o.s.b.f.s.DefaultListableBeanFactory - Creating shared instance of singleton bean 'planMakeService'
[2021-03-18 12:46:00.503] [main] DEBUG o.s.b.f.s.DefaultListableBeanFactory - Creating shared instance of singleton bean 'qnaService'
[2021-03-18 12:46:00.506] [main] DEBUG o.s.b.f.s.DefaultListableBeanFactory - Creating shared instance of singleton bean 'travelService'
[2021-03-18 12:46:00.507] [main] DEBUG o.s.b.f.s.DefaultListableBeanFactory - Creating shared instance of singleton bean 'userService'
[2021-03-18 12:46:00.509] [main] DEBUG o.s.b.f.s.DefaultListableBeanFactory - Creating shared instance of singleton bean 'adminController'
[2021-03-18 12:46:00.511] [main] DEBUG o.s.b.f.s.DefaultListableBeanFactory - Creating shared instance of singleton bean 'hiBoardController'
[2021-03-18 12:46:00.512] [main] DEBUG o.s.b.f.s.DefaultListableBeanFactory - Creating shared instance of singleton bean 'indexController'
[2021-03-18 12:46:00.513] [main] DEBUG o.s.b.f.s.DefaultListableBeanFactory - Creating shared instance of singleton bean 'memberController'
[2021-03-18 12:46:00.513] [main] DEBUG o.s.b.f.s.DefaultListableBeanFactory - Creating shared instance of singleton bean 'mailSender'
[2021-03-18 12:46:00.537] [main] DEBUG o.s.b.f.s.DefaultListableBeanFactory - Creating shared instance of singleton bean 'PlanDateController'
[2021-03-18 12:46:00.539] [main] DEBUG o.s.b.f.s.DefaultListableBeanFactory - Creating shared instance of singleton bean 'PlanMakeController'
[2021-03-18 12:46:00.540] [main] DEBUG o.s.b.f.s.DefaultListableBeanFactory - Creating shared instance of singleton bean 'qnaController'
[2021-03-18 12:46:00.541] [main] DEBUG o.s.b.f.s.DefaultListableBeanFactory - Creating shared instance of singleton bean 'testController'
[2021-03-18 12:46:00.541] [main] DEBUG o.s.b.f.s.DefaultListableBeanFactory - Creating shared instance of singleton bean 'TravelController'
[2021-03-18 12:46:00.542] [main] DEBUG o.s.b.f.s.DefaultListableBeanFactory - Creating shared instance of singleton bean 'userController'
[2021-03-18 12:46:00.543] [main] DEBUG o.s.b.f.s.DefaultListableBeanFactory - Creating shared instance of singleton bean 'userController2'
[2021-03-18 12:46:00.544] [main] DEBUG o.s.b.f.s.DefaultListableBeanFactory - Creating shared instance of singleton bean 'org.springframework.web.servlet.mvc.method.annotation.ExceptionHandlerExceptionResolver#1'
[2021-03-18 12:46:00.548] [main] DEBUG o.s.w.s.m.m.a.ExceptionHandlerExceptionResolver - ControllerAdvice beans: none
[2021-03-18 12:46:00.549] [main] DEBUG o.s.b.f.s.DefaultListableBeanFactory - Creating shared instance of singleton bean 'org.springframework.web.servlet.mvc.annotation.ResponseStatusExceptionResolver#1'
[2021-03-18 12:46:00.549] [main] DEBUG o.s.b.f.s.DefaultListableBeanFactory - Creating shared instance of singleton bean 'org.springframework.web.servlet.mvc.support.DefaultHandlerExceptionResolver#1'
[2021-03-18 12:46:00.550] [main] DEBUG o.s.b.f.s.DefaultListableBeanFactory - Creating shared instance of singleton bean 'mvcResourceUrlProvider'
[2021-03-18 12:46:00.550] [main] DEBUG o.s.b.f.s.DefaultListableBeanFactory - Creating shared instance of singleton bean 'mvcPathMatcher'
[2021-03-18 12:46:00.550] [main] DEBUG o.s.b.f.s.DefaultListableBeanFactory - Creating shared instance of singleton bean 'mvcUrlPathHelper'
[2021-03-18 12:46:00.551] [main] DEBUG o.s.b.f.s.DefaultListableBeanFactory - Creating shared instance of singleton bean 'org.springframework.web.servlet.resource.ResourceHttpRequestHandler#0'
[2021-03-18 12:46:00.564] [main] DEBUG o.s.b.f.s.DefaultListableBeanFactory - Creating shared instance of singleton bean 'org.springframework.web.servlet.handler.SimpleUrlHandlerMapping#0'
[2021-03-18 12:46:00.569] [main] DEBUG o.s.w.s.h.SimpleUrlHandlerMapping - Patterns [/resources/**] in 'org.springframework.web.servlet.handler.SimpleUrlHandlerMapping#0'
[2021-03-18 12:46:00.569] [main] DEBUG o.s.b.f.s.DefaultListableBeanFactory - Creating shared instance of singleton bean 'org.springframework.web.servlet.view.BeanNameViewResolver#0'
[2021-03-18 12:46:00.574] [main] DEBUG o.s.b.f.s.DefaultListableBeanFactory - Creating shared instance of singleton bean 'internalResourceViewResolver'
[2021-03-18 12:46:00.585] [main] DEBUG o.s.b.f.s.DefaultListableBeanFactory - Creating shared instance of singleton bean 'fileDownloadView'
[2021-03-18 12:46:00.587] [main] DEBUG o.s.b.f.s.DefaultListableBeanFactory - Creating shared instance of singleton bean 'multipartResolver'
[2021-03-18 12:46:00.608] [main] DEBUG o.s.web.servlet.DispatcherServlet - Detected CommonsMultipartResolver
[2021-03-18 12:46:00.616] [main] DEBUG o.springframework.jndi.JndiTemplate - Looking up JNDI object with name [java:comp/env/spring.liveBeansView.mbeanDomain]
[2021-03-18 12:46:00.616] [main] DEBUG o.s.jndi.JndiLocatorDelegate - Converted JNDI name [java:comp/env/spring.liveBeansView.mbeanDomain] not found - trying original name [spring.liveBeansView.mbeanDomain]. javax.naming.NameNotFoundException: Name [spring.liveBeansView.mbeanDomain]은(는) 이 컨텍스트에 바인딩되지 않았습니다. [spring.liveBeansView.mbeanDomain]을(를) 찾을 수 없습니다.
[2021-03-18 12:46:00.616] [main] DEBUG o.springframework.jndi.JndiTemplate - Looking up JNDI object with name [spring.liveBeansView.mbeanDomain]
[2021-03-18 12:46:00.616] [main] DEBUG o.s.jndi.JndiPropertySource - JNDI lookup for name [spring.liveBeansView.mbeanDomain] threw NamingException with message: Name [spring.liveBeansView.mbeanDomain]은(는) 이 컨텍스트에 바인딩되지 않았습니다. [spring.liveBeansView.mbeanDomain]을(를) 찾을 수 없습니다.. Returning null.
[2021-03-18 12:46:00.616] [main] DEBUG o.s.web.servlet.DispatcherServlet - enableLoggingRequestDetails='false': request parameters and headers will be masked to prevent unsafe logging of potentially sensitive data
[2021-03-18 12:46:00.617] [main] INFO  o.s.web.servlet.DispatcherServlet - Completed initialization in 747 ms
[2021-03-18 12:46:01.858] [http-nio-8088-exec-1] DEBUG o.s.web.servlet.DispatcherServlet - "FORWARD" dispatch for GET "/mainHome", parameters={}
[2021-03-18 12:46:01.862] [http-nio-8088-exec-1] DEBUG o.s.w.s.m.m.a.RequestMappingHandlerMapping - Mapped to com.icia.web.controller.IndexController#mainHome(ModelMap, HttpServletRequest, HttpServletResponse)
[2021-03-18 12:46:01.866] [http-nio-8088-exec-1] DEBUG c.i.web.interceptor.AuthInterceptor - ############################################################################
[2021-03-18 12:46:01.866] [http-nio-8088-exec-1] DEBUG c.i.web.interceptor.AuthInterceptor - # Logging start [/mainHome]
[2021-03-18 12:46:01.866] [http-nio-8088-exec-1] DEBUG c.i.web.interceptor.AuthInterceptor - ############################################################################
[2021-03-18 12:46:01.869] [http-nio-8088-exec-1] DEBUG c.i.web.interceptor.AuthInterceptor - 
////////////////////////////////////////////////////////////////////////////////
[Remote IP] : [127.0.0.1]
[Locale]    : [ko_KR]
[URL]       : [http://localhost:8088/mainHome]
[URI]       : [/mainHome]
[Method]    : [GET]
[Protocol]  : [HTTP/1.1]
[Referer]   : []
////////////////////////////////////////////////////////////////////////////////
// Headers                                                                      
////////////////////////////////////////////////////////////////////////////////
[cache-control] : [no-cache]
[pragma] : [no-cache]
[user-agent] : [Java/15.0.1]
[host] : [localhost:8088]
[accept] : [text/html, image/gif, image/jpeg, *; q=.2, */*; q=.2]
[connection] : [keep-alive]
////////////////////////////////////////////////////////////////////////////////

////////////////////////////////////////////////////////////////////////////////
// Get Parameters                                                               
////////////////////////////////////////////////////////////////////////////////

////////////////////////////////////////////////////////////////////////////////

[2021-03-18 12:46:01.869] [http-nio-8088-exec-1] DEBUG c.i.web.interceptor.AuthInterceptor - ############################################################################
[2021-03-18 12:46:01.869] [http-nio-8088-exec-1] DEBUG c.i.web.interceptor.AuthInterceptor - ############################################################################
[2021-03-18 12:46:01.918] [http-nio-8088-exec-1] DEBUG o.s.jdbc.datasource.DataSourceUtils - Fetching JDBC Connection from DataSource
[2021-03-18 12:46:01.943] [http-nio-8088-exec-1] DEBUG c.icia.web.dao.UserDao2.userSelect2 - ==>  Preparing: SELECT USER_ID2, NVL(USER_PWD2, '') AS USER_PWD2, NVL(USER_NAME2, '') AS USER_NAME2, NVL(USER_EMAIL2, '') AS USER_EMAIL2, NVL(STATUS2, 'N') AS STATUS2, NVL(TO_CHAR(REG_DATE2, 'YYYY.MM.DD HH24:MI:SS'), '') AS REG_DATE2, NVL(GENDER2, '') AS GENDER2, NVL(USER_BIRTH2, '') AS USER_BIRTH2 FROM TBL_USER2 WHERE USER_ID2 = ?
[2021-03-18 12:46:02.034] [http-nio-8088-exec-1] DEBUG c.icia.web.dao.UserDao2.userSelect2 - ==> Parameters: (String)
[2021-03-18 12:46:02.069] [http-nio-8088-exec-1] DEBUG c.icia.web.dao.UserDao2.userSelect2 - <==      Total: 0
[2021-03-18 12:46:02.082] [http-nio-8088-exec-1] DEBUG o.s.web.servlet.view.JstlView - View name '/travel/mainHome', model {user2=null}
[2021-03-18 12:46:02.087] [http-nio-8088-exec-1] DEBUG o.s.web.servlet.view.JstlView - Forwarding to [/WEB-INF/views/travel/mainHome.jsp]
[2021-03-18 12:46:02.942] [http-nio-8088-exec-1] DEBUG c.i.web.interceptor.AuthInterceptor - ############################################################################
[2021-03-18 12:46:02.942] [http-nio-8088-exec-1] DEBUG c.i.web.interceptor.AuthInterceptor - # Logging end                                                              #
[2021-03-18 12:46:02.942] [http-nio-8088-exec-1] DEBUG c.i.web.interceptor.AuthInterceptor - ############################################################################
[2021-03-18 12:46:02.942] [http-nio-8088-exec-1] DEBUG c.i.web.interceptor.AuthInterceptor - # [request url]          : [/mainHome]
[2021-03-18 12:46:02.943] [http-nio-8088-exec-1] DEBUG c.i.web.interceptor.AuthInterceptor - # [elapse time (second)] : [1.076]
[2021-03-18 12:46:02.943] [http-nio-8088-exec-1] DEBUG c.i.web.interceptor.AuthInterceptor - ############################################################################
[2021-03-18 12:46:02.943] [http-nio-8088-exec-1] DEBUG o.s.web.servlet.DispatcherServlet - Exiting from "FORWARD" dispatch, status 200
[2021-03-18 12:46:27.831] [http-nio-8088-exec-3] DEBUG o.s.web.servlet.DispatcherServlet - "FORWARD" dispatch for GET "/mainHome", parameters={}
[2021-03-18 12:46:27.831] [http-nio-8088-exec-3] DEBUG o.s.w.s.m.m.a.RequestMappingHandlerMapping - Mapped to com.icia.web.controller.IndexController#mainHome(ModelMap, HttpServletRequest, HttpServletResponse)
[2021-03-18 12:46:27.831] [http-nio-8088-exec-3] DEBUG c.i.web.interceptor.AuthInterceptor - ############################################################################
[2021-03-18 12:46:27.832] [http-nio-8088-exec-3] DEBUG c.i.web.interceptor.AuthInterceptor - # Logging start [/mainHome]
[2021-03-18 12:46:27.832] [http-nio-8088-exec-3] DEBUG c.i.web.interceptor.AuthInterceptor - ############################################################################
[2021-03-18 12:46:27.835] [http-nio-8088-exec-3] DEBUG c.i.web.interceptor.AuthInterceptor - 
////////////////////////////////////////////////////////////////////////////////
[Remote IP] : [127.0.0.1]
[Locale]    : [ko_KR]
[URL]       : [http://travel.icia.co.kr:8088/mainHome]
[URI]       : [/mainHome]
[Method]    : [GET]
[Protocol]  : [HTTP/1.1]
[Referer]   : []
////////////////////////////////////////////////////////////////////////////////
// Headers                                                                      
////////////////////////////////////////////////////////////////////////////////
[host] : [travel.icia.co.kr:8088]
[connection] : [keep-alive]
[upgrade-insecure-requests] : [1]
[user-agent] : [Mozilla/5.0 (Macintosh; Intel Mac OS X 10_15_7) AppleWebKit/537.36 (KHTML, like Gecko) Chrome/89.0.4389.90 Safari/537.36]
[accept] : [text/html,application/xhtml+xml,application/xml;q=0.9,image/avif,image/webp,image/apng,*/*;q=0.8,application/signed-exchange;v=b3;q=0.9]
[accept-encoding] : [gzip, deflate]
[accept-language] : [ko-KR,ko;q=0.9,en-US;q=0.8,en;q=0.7]
[cookie] : [JSESSIONID=B165A16B2E0B8A9BEF7FF8E8C9C6EB7E; USER_ID=71776572]
////////////////////////////////////////////////////////////////////////////////

////////////////////////////////////////////////////////////////////////////////
// Get Parameters                                                               
////////////////////////////////////////////////////////////////////////////////

////////////////////////////////////////////////////////////////////////////////

[2021-03-18 12:46:27.835] [http-nio-8088-exec-3] DEBUG c.i.web.interceptor.AuthInterceptor - ############################################################################
[2021-03-18 12:46:27.836] [http-nio-8088-exec-3] DEBUG c.i.web.interceptor.AuthInterceptor - ############################################################################
[2021-03-18 12:46:27.836] [http-nio-8088-exec-3] DEBUG o.s.jdbc.datasource.DataSourceUtils - Fetching JDBC Connection from DataSource
[2021-03-18 12:46:27.850] [http-nio-8088-exec-3] DEBUG c.icia.web.dao.UserDao2.userSelect2 - ==>  Preparing: SELECT USER_ID2, NVL(USER_PWD2, '') AS USER_PWD2, NVL(USER_NAME2, '') AS USER_NAME2, NVL(USER_EMAIL2, '') AS USER_EMAIL2, NVL(STATUS2, 'N') AS STATUS2, NVL(TO_CHAR(REG_DATE2, 'YYYY.MM.DD HH24:MI:SS'), '') AS REG_DATE2, NVL(GENDER2, '') AS GENDER2, NVL(USER_BIRTH2, '') AS USER_BIRTH2 FROM TBL_USER2 WHERE USER_ID2 = ?
[2021-03-18 12:46:27.851] [http-nio-8088-exec-3] DEBUG c.icia.web.dao.UserDao2.userSelect2 - ==> Parameters: qwer(String)
[2021-03-18 12:46:27.864] [http-nio-8088-exec-3] DEBUG c.icia.web.dao.UserDao2.userSelect2 - <==      Total: 1
[2021-03-18 12:46:27.882] [http-nio-8088-exec-3] DEBUG o.s.web.servlet.view.JstlView - View name '/travel/mainHome', model {user2=com.icia.web.model.User2@f1a3afd, org.springframework.validation.BindingResult.user2=org.springframework.validation.BeanPropertyBindingResult: 0 errors}
[2021-03-18 12:46:27.883] [http-nio-8088-exec-3] DEBUG o.s.web.servlet.view.JstlView - Forwarding to [/WEB-INF/views/travel/mainHome.jsp]
[2021-03-18 12:46:27.903] [http-nio-8088-exec-3] DEBUG c.i.web.interceptor.AuthInterceptor - ############################################################################
[2021-03-18 12:46:27.903] [http-nio-8088-exec-3] DEBUG c.i.web.interceptor.AuthInterceptor - # Logging end                                                              #
[2021-03-18 12:46:27.903] [http-nio-8088-exec-3] DEBUG c.i.web.interceptor.AuthInterceptor - ############################################################################
[2021-03-18 12:46:27.903] [http-nio-8088-exec-3] DEBUG c.i.web.interceptor.AuthInterceptor - # [request url]          : [/mainHome]
[2021-03-18 12:46:27.903] [http-nio-8088-exec-3] DEBUG c.i.web.interceptor.AuthInterceptor - # [elapse time (second)] : [0.072]
[2021-03-18 12:46:27.903] [http-nio-8088-exec-3] DEBUG c.i.web.interceptor.AuthInterceptor - ############################################################################
[2021-03-18 12:46:27.903] [http-nio-8088-exec-3] DEBUG o.s.web.servlet.DispatcherServlet - Exiting from "FORWARD" dispatch, status 200
[2021-03-18 12:46:28.055] [http-nio-8088-exec-4] DEBUG o.s.web.servlet.DispatcherServlet - GET "/resources/vendor/bootstrap/css/bootstrap.min.css", parameters={}
[2021-03-18 12:46:28.063] [http-nio-8088-exec-6] DEBUG o.s.web.servlet.DispatcherServlet - GET "/resources/vendor/aos/aos.css", parameters={}
[2021-03-18 12:46:28.064] [http-nio-8088-exec-5] DEBUG o.s.web.servlet.DispatcherServlet - GET "/resources/vendor/icofont/icofont.min.css", parameters={}
[2021-03-18 12:46:28.067] [http-nio-8088-exec-7] DEBUG o.s.web.servlet.DispatcherServlet - GET "/resources/vendor/line-awesome/css/line-awesome.min.css", parameters={}
[2021-03-18 12:46:28.070] [http-nio-8088-exec-8] DEBUG o.s.web.servlet.DispatcherServlet - GET "/resources/vendor/owl.carousel/assets/owl.carousel.min.css", parameters={}
[2021-03-18 12:46:28.070] [http-nio-8088-exec-9] DEBUG o.s.web.servlet.DispatcherServlet - GET "/resources/css/style.css", parameters={}
[2021-03-18 12:46:28.079] [http-nio-8088-exec-4] DEBUG o.s.w.s.h.SimpleUrlHandlerMapping - Mapped to ResourceHttpRequestHandler ["/WEB-INF/views/resources/"]
[2021-03-18 12:46:28.079] [http-nio-8088-exec-8] DEBUG o.s.w.s.h.SimpleUrlHandlerMapping - Mapped to ResourceHttpRequestHandler ["/WEB-INF/views/resources/"]
[2021-03-18 12:46:28.079] [http-nio-8088-exec-5] DEBUG o.s.w.s.h.SimpleUrlHandlerMapping - Mapped to ResourceHttpRequestHandler ["/WEB-INF/views/resources/"]
[2021-03-18 12:46:28.079] [http-nio-8088-exec-7] DEBUG o.s.w.s.h.SimpleUrlHandlerMapping - Mapped to ResourceHttpRequestHandler ["/WEB-INF/views/resources/"]
[2021-03-18 12:46:28.079] [http-nio-8088-exec-6] DEBUG o.s.w.s.h.SimpleUrlHandlerMapping - Mapped to ResourceHttpRequestHandler ["/WEB-INF/views/resources/"]
[2021-03-18 12:46:28.079] [http-nio-8088-exec-9] DEBUG o.s.w.s.h.SimpleUrlHandlerMapping - Mapped to ResourceHttpRequestHandler ["/WEB-INF/views/resources/"]
[2021-03-18 12:46:28.103] [http-nio-8088-exec-6] DEBUG o.s.web.servlet.DispatcherServlet - Completed 200 OK
[2021-03-18 12:46:28.103] [http-nio-8088-exec-9] DEBUG o.s.web.servlet.DispatcherServlet - Completed 200 OK
[2021-03-18 12:46:28.103] [http-nio-8088-exec-7] DEBUG o.s.web.servlet.DispatcherServlet - Completed 200 OK
[2021-03-18 12:46:28.103] [http-nio-8088-exec-5] DEBUG o.s.web.servlet.DispatcherServlet - Completed 200 OK
[2021-03-18 12:46:28.103] [http-nio-8088-exec-8] DEBUG o.s.web.servlet.DispatcherServlet - Completed 200 OK
[2021-03-18 12:46:28.105] [http-nio-8088-exec-4] DEBUG o.s.web.servlet.DispatcherServlet - Completed 200 OK
[2021-03-18 12:46:28.108] [http-nio-8088-exec-10] DEBUG o.s.web.servlet.DispatcherServlet - GET "/resources/js/jquery-3.5.1.min.js", parameters={}
[2021-03-18 12:46:28.110] [http-nio-8088-exec-6] DEBUG o.s.web.servlet.DispatcherServlet - GET "/resources/vendor/php-email-form/validate.js", parameters={}
[2021-03-18 12:46:28.111] [http-nio-8088-exec-2] DEBUG o.s.web.servlet.DispatcherServlet - GET "/resources/vendor/jquery/jquery.min.js", parameters={}
[2021-03-18 12:46:28.111] [http-nio-8088-exec-10] DEBUG o.s.w.s.h.SimpleUrlHandlerMapping - Mapped to ResourceHttpRequestHandler ["/WEB-INF/views/resources/"]
[2021-03-18 12:46:28.112] [http-nio-8088-exec-2] DEBUG o.s.w.s.h.SimpleUrlHandlerMapping - Mapped to ResourceHttpRequestHandler ["/WEB-INF/views/resources/"]
[2021-03-18 12:46:28.112] [http-nio-8088-exec-6] DEBUG o.s.w.s.h.SimpleUrlHandlerMapping - Mapped to ResourceHttpRequestHandler ["/WEB-INF/views/resources/"]
[2021-03-18 12:46:28.114] [http-nio-8088-exec-6] DEBUG o.s.web.servlet.DispatcherServlet - Completed 200 OK
[2021-03-18 12:46:28.115] [http-nio-8088-exec-10] DEBUG o.s.web.servlet.DispatcherServlet - Completed 200 OK
[2021-03-18 12:46:28.115] [http-nio-8088-exec-2] DEBUG o.s.web.servlet.DispatcherServlet - Completed 200 OK
[2021-03-18 12:46:28.118] [http-nio-8088-exec-9] DEBUG o.s.web.servlet.DispatcherServlet - GET "/resources/vendor/bootstrap/js/bootstrap.bundle.min.js", parameters={}
[2021-03-18 12:46:28.119] [http-nio-8088-exec-1] DEBUG o.s.web.servlet.DispatcherServlet - GET "/resources/js/icia.common.js", parameters={}
[2021-03-18 12:46:28.119] [http-nio-8088-exec-3] DEBUG o.s.web.servlet.DispatcherServlet - GET "/resources/vendor/jquery.easing/jquery.easing.min.js", parameters={}
[2021-03-18 12:46:28.120] [http-nio-8088-exec-9] DEBUG o.s.w.s.h.SimpleUrlHandlerMapping - Mapped to ResourceHttpRequestHandler ["/WEB-INF/views/resources/"]
[2021-03-18 12:46:28.120] [http-nio-8088-exec-1] DEBUG o.s.w.s.h.SimpleUrlHandlerMapping - Mapped to ResourceHttpRequestHandler ["/WEB-INF/views/resources/"]
[2021-03-18 12:46:28.120] [http-nio-8088-exec-5] DEBUG o.s.web.servlet.DispatcherServlet - GET "/resources/vendor/aos/aos.js", parameters={}
[2021-03-18 12:46:28.121] [http-nio-8088-exec-8] DEBUG o.s.web.servlet.DispatcherServlet - GET "/resources/vendor/isotope-layout/isotope.pkgd.min.js", parameters={}
[2021-03-18 12:46:28.122] [http-nio-8088-exec-5] DEBUG o.s.w.s.h.SimpleUrlHandlerMapping - Mapped to ResourceHttpRequestHandler ["/WEB-INF/views/resources/"]
[2021-03-18 12:46:28.122] [http-nio-8088-exec-8] DEBUG o.s.w.s.h.SimpleUrlHandlerMapping - Mapped to ResourceHttpRequestHandler ["/WEB-INF/views/resources/"]
[2021-03-18 12:46:28.123] [http-nio-8088-exec-7] DEBUG o.s.web.servlet.DispatcherServlet - GET "/resources/vendor/owl.carousel/owl.carousel.min.js", parameters={}
[2021-03-18 12:46:28.121] [http-nio-8088-exec-3] DEBUG o.s.w.s.h.SimpleUrlHandlerMapping - Mapped to ResourceHttpRequestHandler ["/WEB-INF/views/resources/"]
[2021-03-18 12:46:28.124] [http-nio-8088-exec-1] DEBUG o.s.web.servlet.DispatcherServlet - Completed 200 OK
[2021-03-18 12:46:28.124] [http-nio-8088-exec-9] DEBUG o.s.web.servlet.DispatcherServlet - Completed 200 OK
[2021-03-18 12:46:28.124] [http-nio-8088-exec-7] DEBUG o.s.w.s.h.SimpleUrlHandlerMapping - Mapped to ResourceHttpRequestHandler ["/WEB-INF/views/resources/"]
[2021-03-18 12:46:28.125] [http-nio-8088-exec-8] DEBUG o.s.web.servlet.DispatcherServlet - Completed 200 OK
[2021-03-18 12:46:28.129] [http-nio-8088-exec-5] DEBUG o.s.web.servlet.DispatcherServlet - Completed 200 OK
[2021-03-18 12:46:28.129] [http-nio-8088-exec-3] DEBUG o.s.web.servlet.DispatcherServlet - Completed 200 OK
[2021-03-18 12:46:28.130] [http-nio-8088-exec-4] DEBUG o.s.web.servlet.DispatcherServlet - GET "/resources/js/main.js", parameters={}
[2021-03-18 12:46:28.133] [http-nio-8088-exec-4] DEBUG o.s.w.s.h.SimpleUrlHandlerMapping - Mapped to ResourceHttpRequestHandler ["/WEB-INF/views/resources/"]
[2021-03-18 12:46:28.133] [http-nio-8088-exec-7] DEBUG o.s.web.servlet.DispatcherServlet - Completed 200 OK
[2021-03-18 12:46:28.134] [http-nio-8088-exec-4] DEBUG o.s.web.servlet.DispatcherServlet - Completed 200 OK
[2021-03-18 12:46:28.138] [http-nio-8088-exec-10] DEBUG o.s.web.servlet.DispatcherServlet - GET "/resources/hiassets/vendor/jquery/jquery.min.js", parameters={}
[2021-03-18 12:46:28.139] [http-nio-8088-exec-10] DEBUG o.s.w.s.h.SimpleUrlHandlerMapping - Mapped to ResourceHttpRequestHandler ["/WEB-INF/views/resources/"]
[2021-03-18 12:46:28.142] [http-nio-8088-exec-10] DEBUG o.s.web.servlet.DispatcherServlet - Completed 200 OK
[2021-03-18 12:46:28.149] [http-nio-8088-exec-6] DEBUG o.s.web.servlet.DispatcherServlet - GET "/resources/hiassets/vendor/bootstrap/js/bootstrap.bundle.min.js", parameters={}
[2021-03-18 12:46:28.150] [http-nio-8088-exec-2] DEBUG o.s.web.servlet.DispatcherServlet - GET "/resources/hiassets/vendor/jquery.easing/jquery.easing.min.js", parameters={}
[2021-03-18 12:46:28.150] [http-nio-8088-exec-6] DEBUG o.s.w.s.h.SimpleUrlHandlerMapping - Mapped to ResourceHttpRequestHandler ["/WEB-INF/views/resources/"]
[2021-03-18 12:46:28.151] [http-nio-8088-exec-2] DEBUG o.s.w.s.h.SimpleUrlHandlerMapping - Mapped to ResourceHttpRequestHandler ["/WEB-INF/views/resources/"]
[2021-03-18 12:46:28.153] [http-nio-8088-exec-6] DEBUG o.s.web.servlet.DispatcherServlet - Completed 200 OK
[2021-03-18 12:46:28.153] [http-nio-8088-exec-2] DEBUG o.s.web.servlet.DispatcherServlet - Completed 200 OK
[2021-03-18 12:46:28.165] [http-nio-8088-exec-1] DEBUG o.s.web.servlet.DispatcherServlet - GET "/resources/hiassets/vendor/php-email-form/validate.js", parameters={}
[2021-03-18 12:46:28.166] [http-nio-8088-exec-9] DEBUG o.s.web.servlet.DispatcherServlet - GET "/resources/hiassets/vendor/jquery-sticky/jquery.sticky.js", parameters={}
[2021-03-18 12:46:28.166] [http-nio-8088-exec-1] DEBUG o.s.w.s.h.SimpleUrlHandlerMapping - Mapped to ResourceHttpRequestHandler ["/WEB-INF/views/resources/"]
[2021-03-18 12:46:28.167] [http-nio-8088-exec-9] DEBUG o.s.w.s.h.SimpleUrlHandlerMapping - Mapped to ResourceHttpRequestHandler ["/WEB-INF/views/resources/"]
[2021-03-18 12:46:28.168] [http-nio-8088-exec-8] DEBUG o.s.web.servlet.DispatcherServlet - GET "/resources/hiassets/vendor/venobox/venobox.min.js", parameters={}
[2021-03-18 12:46:28.168] [http-nio-8088-exec-5] DEBUG o.s.web.servlet.DispatcherServlet - GET "/resources/hiassets/vendor/waypoints/jquery.waypoints.min.js", parameters={}
[2021-03-18 12:46:28.168] [http-nio-8088-exec-1] DEBUG o.s.web.servlet.DispatcherServlet - Completed 200 OK
[2021-03-18 12:46:28.168] [http-nio-8088-exec-3] DEBUG o.s.web.servlet.DispatcherServlet - GET "/resources/hiassets/vendor/counterup/counterup.min.js", parameters={}
[2021-03-18 12:46:28.168] [http-nio-8088-exec-9] DEBUG o.s.web.servlet.DispatcherServlet - Completed 200 OK
[2021-03-18 12:46:28.169] [http-nio-8088-exec-1] DEBUG o.s.web.servlet.DispatcherServlet - GET "/resources/hiassets/vendor/owl.carousel/owl.carousel.min.js", parameters={}
[2021-03-18 12:46:28.169] [http-nio-8088-exec-8] DEBUG o.s.w.s.h.SimpleUrlHandlerMapping - Mapped to ResourceHttpRequestHandler ["/WEB-INF/views/resources/"]
[2021-03-18 12:46:28.169] [http-nio-8088-exec-5] DEBUG o.s.w.s.h.SimpleUrlHandlerMapping - Mapped to ResourceHttpRequestHandler ["/WEB-INF/views/resources/"]
[2021-03-18 12:46:28.169] [http-nio-8088-exec-3] DEBUG o.s.w.s.h.SimpleUrlHandlerMapping - Mapped to ResourceHttpRequestHandler ["/WEB-INF/views/resources/"]
[2021-03-18 12:46:28.170] [http-nio-8088-exec-1] DEBUG o.s.w.s.h.SimpleUrlHandlerMapping - Mapped to ResourceHttpRequestHandler ["/WEB-INF/views/resources/"]
[2021-03-18 12:46:28.171] [http-nio-8088-exec-8] DEBUG o.s.web.servlet.DispatcherServlet - Completed 200 OK
[2021-03-18 12:46:28.171] [http-nio-8088-exec-5] DEBUG o.s.web.servlet.DispatcherServlet - Completed 200 OK
[2021-03-18 12:46:28.171] [http-nio-8088-exec-3] DEBUG o.s.web.servlet.DispatcherServlet - Completed 200 OK
[2021-03-18 12:46:28.172] [http-nio-8088-exec-1] DEBUG o.s.web.servlet.DispatcherServlet - Completed 200 OK
[2021-03-18 12:46:28.173] [http-nio-8088-exec-4] DEBUG o.s.web.servlet.DispatcherServlet - GET "/resources/hiassets/vendor/isotope-layout/isotope.pkgd.min.js", parameters={}
[2021-03-18 12:46:28.173] [http-nio-8088-exec-10] DEBUG o.s.web.servlet.DispatcherServlet - GET "/resources/hiassets/vendor/aos/aos.js", parameters={}
[2021-03-18 12:46:28.174] [http-nio-8088-exec-4] DEBUG o.s.w.s.h.SimpleUrlHandlerMapping - Mapped to ResourceHttpRequestHandler ["/WEB-INF/views/resources/"]
[2021-03-18 12:46:28.174] [http-nio-8088-exec-10] DEBUG o.s.w.s.h.SimpleUrlHandlerMapping - Mapped to ResourceHttpRequestHandler ["/WEB-INF/views/resources/"]
[2021-03-18 12:46:28.176] [http-nio-8088-exec-4] DEBUG o.s.web.servlet.DispatcherServlet - Completed 200 OK
[2021-03-18 12:46:28.176] [http-nio-8088-exec-10] DEBUG o.s.web.servlet.DispatcherServlet - Completed 200 OK
[2021-03-18 12:46:28.178] [http-nio-8088-exec-6] DEBUG o.s.web.servlet.DispatcherServlet - GET "/resources/hiassets/js/main.js", parameters={}
[2021-03-18 12:46:28.178] [http-nio-8088-exec-2] DEBUG o.s.web.servlet.DispatcherServlet - GET "/resources/images/jeju.png", parameters={}
[2021-03-18 12:46:28.179] [http-nio-8088-exec-6] DEBUG o.s.w.s.h.SimpleUrlHandlerMapping - Mapped to ResourceHttpRequestHandler ["/WEB-INF/views/resources/"]
[2021-03-18 12:46:28.179] [http-nio-8088-exec-7] DEBUG o.s.web.servlet.DispatcherServlet - GET "/resources/images/busan.png", parameters={}
[2021-03-18 12:46:28.179] [http-nio-8088-exec-2] DEBUG o.s.w.s.h.SimpleUrlHandlerMapping - Mapped to ResourceHttpRequestHandler ["/WEB-INF/views/resources/"]
[2021-03-18 12:46:28.179] [http-nio-8088-exec-9] DEBUG o.s.web.servlet.DispatcherServlet - GET "/resources/images/gapyeong.png", parameters={}
[2021-03-18 12:46:28.180] [http-nio-8088-exec-7] DEBUG o.s.w.s.h.SimpleUrlHandlerMapping - Mapped to ResourceHttpRequestHandler ["/WEB-INF/views/resources/"]
[2021-03-18 12:46:28.180] [http-nio-8088-exec-9] DEBUG o.s.w.s.h.SimpleUrlHandlerMapping - Mapped to ResourceHttpRequestHandler ["/WEB-INF/views/resources/"]
[2021-03-18 12:46:28.180] [http-nio-8088-exec-6] DEBUG o.s.web.servlet.DispatcherServlet - Completed 200 OK
[2021-03-18 12:46:28.182] [http-nio-8088-exec-2] DEBUG o.s.web.servlet.DispatcherServlet - Completed 200 OK
[2021-03-18 12:46:28.182] [http-nio-8088-exec-7] DEBUG o.s.web.servlet.DispatcherServlet - Completed 200 OK
[2021-03-18 12:46:28.184] [http-nio-8088-exec-9] DEBUG o.s.web.servlet.DispatcherServlet - Completed 200 OK
[2021-03-18 12:46:28.187] [http-nio-8088-exec-8] DEBUG o.s.web.servlet.DispatcherServlet - GET "/resources/images/incheon.png", parameters={}
[2021-03-18 12:46:28.187] [http-nio-8088-exec-8] DEBUG o.s.w.s.h.SimpleUrlHandlerMapping - Mapped to ResourceHttpRequestHandler ["/WEB-INF/views/resources/"]
[2021-03-18 12:46:28.189] [http-nio-8088-exec-5] DEBUG o.s.web.servlet.DispatcherServlet - GET "/resources/images/gyeongju.png", parameters={}
[2021-03-18 12:46:28.190] [http-nio-8088-exec-5] DEBUG o.s.w.s.h.SimpleUrlHandlerMapping - Mapped to ResourceHttpRequestHandler ["/WEB-INF/views/resources/"]
[2021-03-18 12:46:28.190] [http-nio-8088-exec-8] DEBUG o.s.web.servlet.DispatcherServlet - Completed 200 OK
[2021-03-18 12:46:28.193] [http-nio-8088-exec-5] DEBUG o.s.web.servlet.DispatcherServlet - Completed 200 OK
[2021-03-18 12:46:28.200] [http-nio-8088-exec-3] DEBUG o.s.web.servlet.DispatcherServlet - GET "/resources/images/seoul.png", parameters={}
[2021-03-18 12:46:28.201] [http-nio-8088-exec-3] DEBUG o.s.w.s.h.SimpleUrlHandlerMapping - Mapped to ResourceHttpRequestHandler ["/WEB-INF/views/resources/"]
[2021-03-18 12:46:28.202] [http-nio-8088-exec-1] DEBUG o.s.web.servlet.DispatcherServlet - GET "/resources/images/aa.png", parameters={}
[2021-03-18 12:46:28.203] [http-nio-8088-exec-4] DEBUG o.s.web.servlet.DispatcherServlet - GET "/resources/images/bb.png", parameters={}
[2021-03-18 12:46:28.203] [http-nio-8088-exec-1] DEBUG o.s.w.s.h.SimpleUrlHandlerMapping - Mapped to ResourceHttpRequestHandler ["/WEB-INF/views/resources/"]
[2021-03-18 12:46:28.203] [http-nio-8088-exec-4] DEBUG o.s.w.s.h.SimpleUrlHandlerMapping - Mapped to ResourceHttpRequestHandler ["/WEB-INF/views/resources/"]
[2021-03-18 12:46:28.204] [http-nio-8088-exec-3] DEBUG o.s.web.servlet.DispatcherServlet - Completed 200 OK
[2021-03-18 12:46:28.205] [http-nio-8088-exec-4] DEBUG o.s.web.servlet.DispatcherServlet - Completed 200 OK
[2021-03-18 12:46:28.205] [http-nio-8088-exec-1] DEBUG o.s.web.servlet.DispatcherServlet - Completed 200 OK
[2021-03-18 12:46:28.210] [http-nio-8088-exec-10] DEBUG o.s.web.servlet.DispatcherServlet - GET "/resources/images/cc.png", parameters={}
[2021-03-18 12:46:28.211] [http-nio-8088-exec-10] DEBUG o.s.w.s.h.SimpleUrlHandlerMapping - Mapped to ResourceHttpRequestHandler ["/WEB-INF/views/resources/"]
[2021-03-18 12:46:28.213] [http-nio-8088-exec-10] DEBUG o.s.web.servlet.DispatcherServlet - Completed 200 OK
[2021-03-18 12:46:28.235] [http-nio-8088-exec-6] DEBUG o.s.web.servlet.DispatcherServlet - GET "/resources/images/hanBanner.jpg", parameters={}
[2021-03-18 12:46:28.236] [http-nio-8088-exec-6] DEBUG o.s.w.s.h.SimpleUrlHandlerMapping - Mapped to ResourceHttpRequestHandler ["/WEB-INF/views/resources/"]
[2021-03-18 12:46:28.299] [http-nio-8088-exec-7] DEBUG o.s.web.servlet.DispatcherServlet - GET "/resources/images/travel.png", parameters={}
[2021-03-18 12:46:28.299] [http-nio-8088-exec-7] DEBUG o.s.w.s.h.SimpleUrlHandlerMapping - Mapped to ResourceHttpRequestHandler ["/WEB-INF/views/resources/"]
[2021-03-18 12:46:28.302] [http-nio-8088-exec-7] DEBUG o.s.web.servlet.DispatcherServlet - Completed 200 OK
[2021-03-18 12:46:28.308] [http-nio-8088-exec-2] DEBUG o.s.web.servlet.DispatcherServlet - GET "/resources/vendor/icofont/fonts/icofont.woff2", parameters={}
[2021-03-18 12:46:28.309] [http-nio-8088-exec-2] DEBUG o.s.w.s.h.SimpleUrlHandlerMapping - Mapped to ResourceHttpRequestHandler ["/WEB-INF/views/resources/"]
[2021-03-18 12:46:28.330] [http-nio-8088-exec-2] DEBUG o.s.web.servlet.DispatcherServlet - Completed 200 OK
[2021-03-18 12:46:28.392] [http-nio-8088-exec-6] DEBUG o.s.web.servlet.DispatcherServlet - Completed 200 OK
[2021-03-18 12:47:18.436] [http-nio-8088-exec-10] DEBUG o.s.web.servlet.DispatcherServlet - GET "/resources/images/driveBanner.jpg", parameters={}
[2021-03-18 12:47:18.437] [http-nio-8088-exec-10] DEBUG o.s.w.s.h.SimpleUrlHandlerMapping - Mapped to ResourceHttpRequestHandler ["/WEB-INF/views/resources/"]
[2021-03-18 12:47:18.444] [http-nio-8088-exec-10] DEBUG o.s.web.servlet.DispatcherServlet - Completed 200 OK
